2019-09-06 10:58:52 [127.0.0.1][-][-][error][yii\web\HttpException:404] yii\base\InvalidRouteException: Unable to resolve the request "gii\". in E:\Hub\Preomer\Pro\HubKOL-Sys\vendor\yiisoft\yii2\base\Module.php:537
Stack trace:
#0 E:\Hub\Preomer\Pro\HubKOL-Sys\vendor\yiisoft\yii2\web\Application.php(103): yii\base\Module->runAction('gii\\', Array)
#1 E:\Hub\Preomer\Pro\HubKOL-Sys\vendor\yiisoft\yii2\base\Application.php(386): yii\web\Application->handleRequest(Object(yii\web\Request))
#2 E:\Hub\Preomer\Pro\HubKOL-Sys\backend\web\index.php(16): yii\base\Application->run()
#3 {main}

Next yii\web\NotFoundHttpException: 页面未找到。 in E:\Hub\Preomer\Pro\HubKOL-Sys\vendor\yiisoft\yii2\web\Application.php:115
Stack trace:
#0 E:\Hub\Preomer\Pro\HubKOL-Sys\vendor\yiisoft\yii2\base\Application.php(386): yii\web\Application->handleRequest(Object(yii\web\Request))
#1 E:\Hub\Preomer\Pro\HubKOL-Sys\backend\web\index.php(16): yii\base\Application->run()
#2 {main}
2019-09-24 04:14:29 [127.0.0.1][156][l5ktmvv4jlav014hp2998egaj1][error][yii\base\ErrorException:8] yii\base\ErrorException: Use of undefined constant querys - assumed 'querys' in C:\Users\Arvin\Hub\Pro\Promer-X\backend\controllers\WechatUserController.php:28
Stack trace:
#0 C:\Users\Arvin\Hub\Pro\Promer-X\backend\controllers\WechatUserController.php(28): yii\base\ErrorHandler->handleError(8, 'Use of undefine...', 'C:\\Users\\Arvin\\...', 28, Array)
#1 [internal function]: backend\controllers\WechatUserController->actionIndex()
#2 C:\Users\Arvin\Hub\Pro\Promer-X\vendor\yiisoft\yii2\base\InlineAction.php(57): call_user_func_array(Array, Array)
#3 C:\Users\Arvin\Hub\Pro\Promer-X\vendor\yiisoft\yii2\base\Controller.php(157): yii\base\InlineAction->runWithParams(Array)
#4 C:\Users\Arvin\Hub\Pro\Promer-X\vendor\yiisoft\yii2\base\Module.php(528): yii\base\Controller->runAction('index', Array)
#5 C:\Users\Arvin\Hub\Pro\Promer-X\vendor\yiisoft\yii2\web\Application.php(103): yii\base\Module->runAction('wechat-user/ind...', Array)
#6 C:\Users\Arvin\Hub\Pro\Promer-X\vendor\yiisoft\yii2\base\Application.php(386): yii\web\Application->handleRequest(Object(yii\web\Request))
#7 C:\Users\Arvin\Hub\Pro\Promer-X\backend\web\index.php(16): yii\base\Application->run()
#8 {main}
2019-09-24 10:37:11 [127.0.0.1][156][21hq7stv6rg0c9hc92s2jev4s3][error][ParseError] ParseError: syntax error, unexpected '}', expecting ',' or ';' in C:\Users\Arvin\Hub\Pro\Promer-X\backend\views\wechat-user\index.php:99
Stack trace:
#0 C:\Users\Arvin\Hub\Pro\Promer-X\vendor\yiisoft\yii2\base\View.php(254): yii\base\View->renderPhpFile('C:\\Users\\Arvin\\...', Array)
#1 C:\Users\Arvin\Hub\Pro\Promer-X\vendor\yiisoft\yii2\base\View.php(156): yii\base\View->renderFile('C:\\Users\\Arvin\\...', Array, Object(backend\controllers\WechatUserController))
#2 C:\Users\Arvin\Hub\Pro\Promer-X\vendor\yiisoft\yii2\base\Controller.php(384): yii\base\View->render('index', Array, Object(backend\controllers\WechatUserController))
#3 C:\Users\Arvin\Hub\Pro\Promer-X\backend\controllers\WechatUserController.php(68): yii\base\Controller->render('index', Array)
#4 [internal function]: backend\controllers\WechatUserController->actionIndex()
#5 C:\Users\Arvin\Hub\Pro\Promer-X\vendor\yiisoft\yii2\base\InlineAction.php(57): call_user_func_array(Array, Array)
#6 C:\Users\Arvin\Hub\Pro\Promer-X\vendor\yiisoft\yii2\base\Controller.php(157): yii\base\InlineAction->runWithParams(Array)
#7 C:\Users\Arvin\Hub\Pro\Promer-X\vendor\yiisoft\yii2\base\Module.php(528): yii\base\Controller->runAction('index', Array)
#8 C:\Users\Arvin\Hub\Pro\Promer-X\vendor\yiisoft\yii2\web\Application.php(103): yii\base\Module->runAction('wechat-user/ind...', Array)
#9 C:\Users\Arvin\Hub\Pro\Promer-X\vendor\yiisoft\yii2\base\Application.php(386): yii\web\Application->handleRequest(Object(yii\web\Request))
#10 C:\Users\Arvin\Hub\Pro\Promer-X\backend\web\index.php(16): yii\base\Application->run()
#11 {main}
2019-09-24 17:15:04 [127.0.0.1][156][21hq7stv6rg0c9hc92s2jev4s3][error][ParseError] ParseError: syntax error, unexpected '}', expecting ',' or ';' in C:\Users\Arvin\Hub\Pro\Promer-X\backend\views\wechat-user\index.php:99
Stack trace:
#0 C:\Users\Arvin\Hub\Pro\Promer-X\vendor\yiisoft\yii2\base\View.php(254): yii\base\View->renderPhpFile('C:\\Users\\Arvin\\...', Array)
#1 C:\Users\Arvin\Hub\Pro\Promer-X\vendor\yiisoft\yii2\base\View.php(156): yii\base\View->renderFile('C:\\Users\\Arvin\\...', Array, Object(backend\controllers\WechatUserController))
#2 C:\Users\Arvin\Hub\Pro\Promer-X\vendor\yiisoft\yii2\base\Controller.php(384): yii\base\View->render('index', Array, Object(backend\controllers\WechatUserController))
#3 C:\Users\Arvin\Hub\Pro\Promer-X\backend\controllers\WechatUserController.php(68): yii\base\Controller->render('index', Array)
#4 [internal function]: backend\controllers\WechatUserController->actionIndex()
#5 C:\Users\Arvin\Hub\Pro\Promer-X\vendor\yiisoft\yii2\base\InlineAction.php(57): call_user_func_array(Array, Array)
#6 C:\Users\Arvin\Hub\Pro\Promer-X\vendor\yiisoft\yii2\base\Controller.php(157): yii\base\InlineAction->runWithParams(Array)
#7 C:\Users\Arvin\Hub\Pro\Promer-X\vendor\yiisoft\yii2\base\Module.php(528): yii\base\Controller->runAction('index', Array)
#8 C:\Users\Arvin\Hub\Pro\Promer-X\vendor\yiisoft\yii2\web\Application.php(103): yii\base\Module->runAction('wechat-user/ind...', Array)
#9 C:\Users\Arvin\Hub\Pro\Promer-X\vendor\yiisoft\yii2\base\Application.php(386): yii\web\Application->handleRequest(Object(yii\web\Request))
#10 C:\Users\Arvin\Hub\Pro\Promer-X\backend\web\index.php(16): yii\base\Application->run()
#11 {main}
2019-09-26 11:12:44 [111.198.18.173][-][-][error][yii\base\InvalidConfigException] yii\base\InvalidConfigException: Either GD PHP extension with FreeType support or ImageMagick PHP extension with PNG support is required. in /data/www/Promer-X/vendor/yiisoft/yii2/captcha/Captcha.php:175
Stack trace:
#0 /data/www/Promer-X/vendor/yiisoft/yii2/captcha/Captcha.php(94): yii\captcha\Captcha::checkRequirements()
#1 /data/www/Promer-X/vendor/yiisoft/yii2/base/BaseObject.php(109): yii\captcha\Captcha->init()
#2 [internal function]: yii\base\BaseObject->__construct(Array)
#3 /data/www/Promer-X/vendor/yiisoft/yii2/di/Container.php(383): ReflectionClass->newInstanceArgs(Array)
#4 /data/www/Promer-X/vendor/yiisoft/yii2/di/Container.php(156): yii\di\Container->build('yii\\captcha\\Cap...', Array, Array)
#5 /data/www/Promer-X/vendor/yiisoft/yii2/BaseYii.php(349): yii\di\Container->get('yii\\captcha\\Cap...', Array, Array)
#6 /data/www/Promer-X/vendor/yiisoft/yii2/base/Widget.php(137): yii\BaseYii::createObject(Array)
#7 /data/www/Promer-X/backend/views/site/login.php(71): yii\base\Widget::widget(Array)
#8 /data/www/Promer-X/vendor/yiisoft/yii2/base/View.php(336): require('/data/www/Prome...')
#9 /data/www/Promer-X/vendor/yiisoft/yii2/base/View.php(254): yii\base\View->renderPhpFile('/data/www/Prome...', Array)
#10 /data/www/Promer-X/vendor/yiisoft/yii2/base/View.php(156): yii\base\View->renderFile('/data/www/Prome...', Array, Object(backend\controllers\SiteController))
#11 /data/www/Promer-X/vendor/yiisoft/yii2/base/Controller.php(384): yii\base\View->render('login', Array, Object(backend\controllers\SiteController))
#12 /data/www/Promer-X/backend/controllers/SiteController.php(33): yii\base\Controller->render('login')
#13 [internal function]: backend\controllers\SiteController->actionIndex()
#14 /data/www/Promer-X/vendor/yiisoft/yii2/base/InlineAction.php(57): call_user_func_array(Array, Array)
#15 /data/www/Promer-X/vendor/yiisoft/yii2/base/Controller.php(157): yii\base\InlineAction->runWithParams(Array)
#16 /data/www/Promer-X/vendor/yiisoft/yii2/base/Module.php(528): yii\base\Controller->runAction('', Array)
#17 /data/www/Promer-X/vendor/yiisoft/yii2/web/Application.php(103): yii\base\Module->runAction('', Array)
#18 /data/www/Promer-X/vendor/yiisoft/yii2/base/Application.php(386): yii\web\Application->handleRequest(Object(yii\web\Request))
#19 /data/www/Promer-X/backend/web/index.php(16): yii\base\Application->run()
#20 {main}
2019-09-26 11:12:44 [111.198.18.173][-][-][warning][yii\debug\Module::checkAccess] Access to debugger is denied due to IP address restriction. The requesting IP address is 111.198.18.173
2019-09-26 11:12:44 [111.198.18.173][-][-][warning][yii\debug\Module::checkAccess] Access to debugger is denied due to IP address restriction. The requesting IP address is 111.198.18.173
